<?xml version="1.0" encoding="UTF-8"?>
<testng-results ignored="0" total="1" passed="1" failed="0" skipped="0">
  <reporter-output>
  </reporter-output>
  <suite started-at="2021-01-29T11:34:32Z" name="Default suite" finished-at="2021-01-29T11:34:36Z" duration-ms="3370">
    <groups>
    </groups>
    <test started-at="2021-01-29T11:34:32Z" name="Default test" finished-at="2021-01-29T11:34:36Z" duration-ms="3370">
      <class name="TC005_GetVerifyNestedvalues">
        <test-method signature="GetNestedValuesVerification()[pri:0, instance:TC005_GetVerifyNestedvalues@21282ed8]" started-at="2021-01-29T11:34:32Z" name="GetNestedValuesVerification" finished-at="2021-01-29T11:34:36Z" duration-ms="3333" status="PASS">
          <reporter-output>
          </reporter-output>
        </test-method> <!-- GetNestedValuesVerification -->
      </class> <!-- TC005_GetVerifyNestedvalues -->
    </test> <!-- Default test -->
  </suite> <!-- Default suite -->
</testng-results>
